<?xml version="1.0" encoding="UTF-8"?>
<!-- Generated by org.testng.reporters.JUnitReportReporter -->
<testsuite hostname="DESKTOP-VAL96U8" failures="0" tests="4" name="GuruTelecom.MobileGuruTelecom" time="52.679" errors="0" timestamp="2020-11-03T10:54:46 EST" skipped="0">
  <testcase classname="GuruTelecom.MobileGuruTelecom" name="addCustomer" time="25.847"/>
  <system-out/>
  <testcase classname="GuruTelecom.MobileGuruTelecom" name="payBilling" time="4.508"/>
  <system-out/>
  <testcase classname="GuruTelecom.MobileGuruTelecom" name="addTariffPlan" time="14.004"/>
  <system-out/>
  <testcase classname="GuruTelecom.MobileGuruTelecom" name="addTariffToCustomer" time="8.320"/>
  <system-out/>
</testsuite> <!-- GuruTelecom.MobileGuruTelecom -->
